

Version:	3.50
CmdLine:	E:\Informatik\Java\WordleJava\out\artifacts\WordleJava_jar\Wordle.exe --l4j-debug
JNI:		No
WOW64:		Yes
Working dir:	E:\Informatik\Java\WordleJava\out\artifacts\WordleJava_jar\.
Requires JDK:	No
Requires 64-Bit: No
Java min ver:	
Java max ver:	
Substitute:	JAVA_HOME = 
Substitute:	PATH = C:\Program Files\Common Files\Oracle\Java\javapath;C:\Program Files (x86)\Common Files\Intel\Shared Libraries\redist\intel64\compiler;C:\WINDOWS\system32;C:\WINDOWS;C:\WINDOWS\System32\Wbem;C:\WINDOWS\System32\WindowsPowerShell\v1.0\;C:\WINDOWS\System32\OpenSSH\;C:\Program Files\Git\cmd;C:\Program Files\nodejs\;C:\Users\lenni\AppData\Local\Programs\Python\Python312\Scripts\;C:\Users\lenni\AppData\Local\Programs\Python\Python312\;C:\Users\lenni\AppData\Local\Microsoft\WindowsApps;C:\Users\lenni\AppData\Local\Programs\Microsoft VS Code\bin;C:\Users\lenni\AppData\Local\Programs\MiKTeX\miktex\bin\x64\;C:\Users\lenni\OneDrive\Dokumente\Flutter\flutter\bin;C:\Users\lenni\AppData\Local\Microsoft\WindowsApps;C:\Users\lenni\AppData\Local\JetBrains\Toolbox\scripts;;C:\IntelliJ IDEA 2024.3.2.2\bin;;C:\Users\lenni\AppData\Roaming\npm;C:\Program Files\Java\jdk-22\bin
JRE paths:	;C:\Program Files\Common Files\Oracle\Java\javapath;C:\Program Files (x86)\Common Files\Intel\Shared Libraries\redist\intel64\compiler;C:\WINDOWS\system32;C:\WINDOWS;C:\WINDOWS\System32\Wbem;C:\WINDOWS\System32\WindowsPowerShell\v1.0\;C:\WINDOWS\System32\OpenSSH\;C:\Program Files\Git\cmd;C:\Program Files\nodejs\;C:\Users\lenni\AppData\Local\Programs\Python\Python312\Scripts\;C:\Users\lenni\AppData\Local\Programs\Python\Python312\;C:\Users\lenni\AppData\Local\Microsoft\WindowsApps;C:\Users\lenni\AppData\Local\Programs\Microsoft VS Code\bin;C:\Users\lenni\AppData\Local\Programs\MiKTeX\miktex\bin\x64\;C:\Users\lenni\OneDrive\Dokumente\Flutter\flutter\bin;C:\Users\lenni\AppData\Local\Microsoft\WindowsApps;C:\Users\lenni\AppData\Local\JetBrains\Toolbox\scripts;;C:\IntelliJ IDEA 2024.3.2.2\bin;;C:\Users\lenni\AppData\Roaming\npm;C:\Program Files\Java\jdk-22\bin
Check launcher:	C:\Program Files\Common Files\Oracle\Java\javapath\bin\javaw.exe (not found)
Check launcher:	C:\Program Files (x86)\Common Files\Intel\Shared Libraries\redist\intel64\compiler\bin\javaw.exe (not found)
Check launcher:	C:\WINDOWS\system32\bin\javaw.exe (not found)
Check launcher:	C:\WINDOWS\bin\javaw.exe (not found)
Check launcher:	C:\WINDOWS\System32\Wbem\bin\javaw.exe (not found)
Check launcher:	C:\WINDOWS\System32\WindowsPowerShell\v1.0\bin\javaw.exe (not found)
Check launcher:	C:\WINDOWS\System32\OpenSSH\bin\javaw.exe (not found)
Check launcher:	C:\Program Files\Git\cmd\bin\javaw.exe (not found)
Check launcher:	C:\Program Files\nodejs\bin\javaw.exe (not found)
Check launcher:	C:\Users\lenni\AppData\Local\Programs\Python\Python312\Scripts\bin\javaw.exe (not found)
Check launcher:	C:\Users\lenni\AppData\Local\Programs\Python\Python312\bin\javaw.exe (not found)
Check launcher:	C:\Users\lenni\AppData\Local\Microsoft\WindowsApps\bin\javaw.exe (not found)
Check launcher:	C:\Users\lenni\AppData\Local\Programs\Microsoft VS Code\bin\javaw.exe (not found)
Check launcher:	C:\Users\lenni\AppData\Local\Programs\MiKTeX\miktex\bin\x64\bin\javaw.exe (not found)
Check launcher:	C:\Users\lenni\OneDrive\Dokumente\Flutter\flutter\bin\javaw.exe (not found)
Check launcher:	C:\Users\lenni\AppData\Local\Microsoft\WindowsApps\bin\javaw.exe (not found)
Check launcher:	C:\Users\lenni\AppData\Local\JetBrains\Toolbox\scripts\bin\javaw.exe (not found)
Check launcher:	C:\IntelliJ IDEA 2024.3.2.2\bin\javaw.exe (not found)
Check launcher:	C:\Users\lenni\AppData\Roaming\npm\bin\javaw.exe (not found)
Check launcher:	C:\Program Files\Java\jdk-22\bin\javaw.exe (OK)
Version string: 1.022.000_002 / 64-Bit (OK)
Launcher:	C:\Program Files\Java\jdk-22\bin\javaw.exe
Launcher args:	-jar "E:\Informatik\Java\WordleJava\out\artifacts\WordleJava_jar\Wordle.exe"
Args length:	76/32768 chars
Exit code:	0


Version:	3.50
CmdLine:	E:\Informatik\Java\WordleJava\out\artifacts\WordleJava_jar\Wordle.exe --l4j-debug
JNI:		No
WOW64:		Yes
Working dir:	E:\Informatik\Java\WordleJava\out\artifacts\WordleJava_jar\.
Requires JDK:	No
Requires 64-Bit: No
Java min ver:	1.004.000
Java max ver:	
Substitute:	JAVA_HOME = 
Substitute:	PATH = C:\Program Files\Common Files\Oracle\Java\javapath;C:\Program Files (x86)\Common Files\Intel\Shared Libraries\redist\intel64\compiler;C:\WINDOWS\system32;C:\WINDOWS;C:\WINDOWS\System32\Wbem;C:\WINDOWS\System32\WindowsPowerShell\v1.0\;C:\WINDOWS\System32\OpenSSH\;C:\Program Files\Git\cmd;C:\Program Files\nodejs\;C:\Users\lenni\AppData\Local\Programs\Python\Python312\Scripts\;C:\Users\lenni\AppData\Local\Programs\Python\Python312\;C:\Users\lenni\AppData\Local\Microsoft\WindowsApps;C:\Users\lenni\AppData\Local\Programs\Microsoft VS Code\bin;C:\Users\lenni\AppData\Local\Programs\MiKTeX\miktex\bin\x64\;C:\Users\lenni\OneDrive\Dokumente\Flutter\flutter\bin;C:\Users\lenni\AppData\Local\Microsoft\WindowsApps;C:\Users\lenni\AppData\Local\JetBrains\Toolbox\scripts;;C:\IntelliJ IDEA 2024.3.2.2\bin;;C:\Users\lenni\AppData\Roaming\npm;C:\Program Files\Java\jdk-22\bin
JRE paths:	;C:\Program Files\Common Files\Oracle\Java\javapath;C:\Program Files (x86)\Common Files\Intel\Shared Libraries\redist\intel64\compiler;C:\WINDOWS\system32;C:\WINDOWS;C:\WINDOWS\System32\Wbem;C:\WINDOWS\System32\WindowsPowerShell\v1.0\;C:\WINDOWS\System32\OpenSSH\;C:\Program Files\Git\cmd;C:\Program Files\nodejs\;C:\Users\lenni\AppData\Local\Programs\Python\Python312\Scripts\;C:\Users\lenni\AppData\Local\Programs\Python\Python312\;C:\Users\lenni\AppData\Local\Microsoft\WindowsApps;C:\Users\lenni\AppData\Local\Programs\Microsoft VS Code\bin;C:\Users\lenni\AppData\Local\Programs\MiKTeX\miktex\bin\x64\;C:\Users\lenni\OneDrive\Dokumente\Flutter\flutter\bin;C:\Users\lenni\AppData\Local\Microsoft\WindowsApps;C:\Users\lenni\AppData\Local\JetBrains\Toolbox\scripts;;C:\IntelliJ IDEA 2024.3.2.2\bin;;C:\Users\lenni\AppData\Roaming\npm;C:\Program Files\Java\jdk-22\bin
Check launcher:	C:\Program Files\Common Files\Oracle\Java\javapath\bin\javaw.exe (not found)
Check launcher:	C:\Program Files (x86)\Common Files\Intel\Shared Libraries\redist\intel64\compiler\bin\javaw.exe (not found)
Check launcher:	C:\WINDOWS\system32\bin\javaw.exe (not found)
Check launcher:	C:\WINDOWS\bin\javaw.exe (not found)
Check launcher:	C:\WINDOWS\System32\Wbem\bin\javaw.exe (not found)
Check launcher:	C:\WINDOWS\System32\WindowsPowerShell\v1.0\bin\javaw.exe (not found)
Check launcher:	C:\WINDOWS\System32\OpenSSH\bin\javaw.exe (not found)
Check launcher:	C:\Program Files\Git\cmd\bin\javaw.exe (not found)
Check launcher:	C:\Program Files\nodejs\bin\javaw.exe (not found)
Check launcher:	C:\Users\lenni\AppData\Local\Programs\Python\Python312\Scripts\bin\javaw.exe (not found)
Check launcher:	C:\Users\lenni\AppData\Local\Programs\Python\Python312\bin\javaw.exe (not found)
Check launcher:	C:\Users\lenni\AppData\Local\Microsoft\WindowsApps\bin\javaw.exe (not found)
Check launcher:	C:\Users\lenni\AppData\Local\Programs\Microsoft VS Code\bin\javaw.exe (not found)
Check launcher:	C:\Users\lenni\AppData\Local\Programs\MiKTeX\miktex\bin\x64\bin\javaw.exe (not found)
Check launcher:	C:\Users\lenni\OneDrive\Dokumente\Flutter\flutter\bin\javaw.exe (not found)
Check launcher:	C:\Users\lenni\AppData\Local\Microsoft\WindowsApps\bin\javaw.exe (not found)
Check launcher:	C:\Users\lenni\AppData\Local\JetBrains\Toolbox\scripts\bin\javaw.exe (not found)
Check launcher:	C:\IntelliJ IDEA 2024.3.2.2\bin\javaw.exe (not found)
Check launcher:	C:\Users\lenni\AppData\Roaming\npm\bin\javaw.exe (not found)
Check launcher:	C:\Program Files\Java\jdk-22\bin\javaw.exe (OK)
Version string: 1.022.000_002 / 64-Bit (OK)
Launcher:	C:\Program Files\Java\jdk-22\bin\javaw.exe
Launcher args:	-jar "E:\Informatik\Java\WordleJava\out\artifacts\WordleJava_jar\Wordle.exe"
Args length:	76/32768 chars
Exit code:	0
